{
  "stats": {
    "suites": 1,
    "tests": 4,
    "passes": 4,
    "pending": 0,
    "failures": 0,
    "start": "2021-07-09T15:51:04.882Z",
    "end": "2021-07-09T15:51:07.762Z",
    "duration": 2880,
    "testsRegistered": 4,
    "passPercent": 100,
    "pendingPercent": 0,
    "other": 0,
    "hasOther": false,
    "skipped": 0,
    "hasSkipped": false
  },
  "results": [
    {
      "uuid": "5d66c983-7950-41db-a775-88b7abe7d92e",
      "title": "",
      "fullFile": "cypress\\integration\\webdriver-uni\\checkboxes.js",
      "file": "cypress\\integration\\webdriver-uni\\checkboxes.js",
      "beforeHooks": [],
      "afterHooks": [],
      "tests": [],
      "suites": [
        {
          "uuid": "b84eb7a5-e7c5-4504-8ca8-78a2ed337a9a",
          "title": "Verify chexkboxes",
          "fullFile": "",
          "file": "",
          "beforeHooks": [],
          "afterHooks": [],
          "tests": [
            {
              "title": "Check and validate chexkboxes",
              "fullTitle": "Verify chexkboxes Check and validate chexkboxes",
              "timedOut": null,
              "duration": 1494,
              "state": "passed",
              "speed": "slow",
              "pass": true,
              "fail": false,
              "pending": false,
              "context": null,
              "code": "cy.get('#checkboxes > :nth-child(1) > input').as('option-1');\ncy.get('@option-1').check().should('be.checked');",
              "err": {},
              "uuid": "6f19eaf7-ee4d-40b1-a2f0-8716934c227a",
              "parentUUID": "b84eb7a5-e7c5-4504-8ca8-78a2ed337a9a",
              "isHook": false,
              "skipped": false
            },
            {
              "title": "Check the Third option; should be checked by default",
              "fullTitle": "Verify chexkboxes Check the Third option; should be checked by default",
              "timedOut": null,
              "duration": 139,
              "state": "passed",
              "speed": "slow",
              "pass": true,
              "fail": false,
              "pending": false,
              "context": null,
              "code": "cy.get(':nth-child(5) > input').as('option-3');\ncy.get('@option-3').should('be.checked').uncheck().should('be.not.checked');",
              "err": {},
              "uuid": "0881640f-a100-440b-bf95-f63bf015c15b",
              "parentUUID": "b84eb7a5-e7c5-4504-8ca8-78a2ed337a9a",
              "isHook": false,
              "skipped": false
            },
            {
              "title": "Check multiple checkboxes",
              "fullTitle": "Verify chexkboxes Check multiple checkboxes",
              "timedOut": null,
              "duration": 733,
              "state": "passed",
              "speed": "slow",
              "pass": true,
              "fail": false,
              "pending": false,
              "context": null,
              "code": "cy.get('input[type=\"checkbox\"]').each(function ($elem) {\n  cy.wrap($elem).check().should('be.checked');\n  cy.wrap($elem).uncheck().should('be.not.checked');\n});",
              "err": {},
              "uuid": "9c337ac4-b4e3-4a6c-a136-240c9fd7a154",
              "parentUUID": "b84eb7a5-e7c5-4504-8ca8-78a2ed337a9a",
              "isHook": false,
              "skipped": false
            },
            {
              "title": "Check radiobuttons",
              "fullTitle": "Verify chexkboxes Check radiobuttons",
              "timedOut": null,
              "duration": 495,
              "state": "passed",
              "speed": "slow",
              "pass": true,
              "fail": false,
              "pending": false,
              "context": null,
              "code": "cy.get('#radio-buttons').find('input[type=\"radio\"]').each(function ($elem) {\n  cy.wrap($elem).check();\n});",
              "err": {},
              "uuid": "b427a669-b18c-44ad-bfbf-193d9ecf865d",
              "parentUUID": "b84eb7a5-e7c5-4504-8ca8-78a2ed337a9a",
              "isHook": false,
              "skipped": false
            }
          ],
          "suites": [],
          "passes": [
            "6f19eaf7-ee4d-40b1-a2f0-8716934c227a",
            "0881640f-a100-440b-bf95-f63bf015c15b",
            "9c337ac4-b4e3-4a6c-a136-240c9fd7a154",
            "b427a669-b18c-44ad-bfbf-193d9ecf865d"
          ],
          "failures": [],
          "pending": [],
          "skipped": [],
          "duration": 2861,
          "root": false,
          "rootEmpty": false,
          "_timeout": 2000
        }
      ],
      "passes": [],
      "failures": [],
      "pending": [],
      "skipped": [],
      "duration": 0,
      "root": true,
      "rootEmpty": true,
      "_timeout": 2000
    }
  ],
  "meta": {
    "mocha": {
      "version": "7.0.1"
    },
    "mochawesome": {
      "options": {
        "quiet": false,
        "reportFilename": "mochawesome",
        "saveHtml": false,
        "saveJson": true,
        "consoleReporter": "spec",
        "useInlineDiffs": false,
        "code": true
      },
      "version": "6.2.2"
    },
    "marge": {
      "options": {
        "id": "default",
        "reportDir": "cypress/results/mochawesome",
        "quite": true,
        "overwrite": false,
        "html": false,
        "json": true
      },
      "version": "5.2.0"
    }
  }
}