<?xml version="1.0" encoding="UTF-8"?>
<testsuites name="Mocha Tests" time="48.6790" tests="4" failures="0">
  <testsuite name="Root Suite" timestamp="2021-07-09T13:15:44" tests="0" file="cypress\integration\automation-test-store\iterate-over-elements.js" time="0.0000" failures="0">
  </testsuite>
  <testsuite name="Iterate over element" timestamp="2021-07-09T13:15:44" tests="4" time="48.6790" failures="0">
    <testcase name="Iterate over element Log information of all hair care products" time="7.3960" classname="Log information of all hair care products">
    </testcase>
    <testcase name="Iterate over element Add specific product to basket" time="4.0830" classname="Add specific product to basket">
    </testcase>
    <testcase name="Iterate over element Add another specific product to basket" time="6.6940" classname="Add another specific product to basket">
    </testcase>
    <testcase name="Iterate over element Add another specific product to basket" time="30.5060" classname="Add another specific product to basket">
    </testcase>
  </testsuite>
</testsuites>