<?xml version="1.0" encoding="UTF-8"?>
<testsuites name="Mocha Tests" time="30.1910" tests="1" failures="0">
  <testsuite name="Root Suite" timestamp="2021-07-09T13:13:36" tests="0" file="cypress\integration\automation-test-store\add-multiple-items-to-basket.js" time="0.0000" failures="0">
  </testsuite>
  <testsuite name="Add multiple items to basket" timestamp="2021-07-09T13:13:36" tests="1" time="30.1910" failures="0">
    <testcase name="Add multiple items to basket Add specific items to basket" time="30.1910" classname="Add specific items to basket">
    </testcase>
  </testsuite>
</testsuites>